Date: 2025-11-26 16:59:07.438186 - User: AnonymousUser - Request: /
Not Found: /
Date: 2025-11-26 16:59:12.333056 - User: AnonymousUser - Request: /favicon.ico
Not Found: /favicon.ico
C:\Users\Hilda\OneDrive\Documents\Projects\alx-backend-python\Django-Middleware-0x03\chats\middleware.py changed, reloading.
C:\Users\Hilda\OneDrive\Documents\Projects\alx-backend-python\Django-Middleware-0x03\chats\middleware.py changed, reloading.
C:\Users\Hilda\OneDrive\Documents\Projects\alx-backend-python\Django-Middleware-0x03\chats\middleware.py changed, reloading.
C:\Users\Hilda\OneDrive\Documents\Projects\alx-backend-python\Django-Middleware-0x03\chats\middleware.py changed, reloading.
C:\Users\Hilda\OneDrive\Documents\Projects\alx-backend-python\Django-Middleware-0x03\messaging_app\settings.py changed, reloading.
C:\Users\Hilda\OneDrive\Documents\Projects\alx-backend-python\Django-Middleware-0x03\messaging_app\settings.py changed, reloading.
C:\Users\Hilda\OneDrive\Documents\Projects\alx-backend-python\Django-Middleware-0x03\chats\middleware.py changed, reloading.
C:\Users\Hilda\OneDrive\Documents\Projects\alx-backend-python\Django-Middleware-0x03\chats\middleware.py changed, reloading.
C:\Users\Hilda\OneDrive\Documents\Projects\alx-backend-python\Django-Middleware-0x03\chats\middleware.py changed, reloading.
C:\Users\Hilda\OneDrive\Documents\Projects\alx-backend-python\Django-Middleware-0x03\chats\middleware.py changed, reloading.
C:\Users\Hilda\OneDrive\Documents\Projects\alx-backend-python\Django-Middleware-0x03\chats\middleware.py changed, reloading.
C:\Users\Hilda\OneDrive\Documents\Projects\alx-backend-python\Django-Middleware-0x03\chats\middleware.py changed, reloading.
C:\Users\Hilda\OneDrive\Documents\Projects\alx-backend-python\Django-Middleware-0x03\chats\middleware.py changed, reloading.
C:\Users\Hilda\OneDrive\Documents\Projects\alx-backend-python\Django-Middleware-0x03\chats\middleware.py changed, reloading.
C:\Users\Hilda\OneDrive\Documents\Projects\alx-backend-python\Django-Middleware-0x03\chats\middleware.py changed, reloading.
C:\Users\Hilda\OneDrive\Documents\Projects\alx-backend-python\Django-Middleware-0x03\chats\middleware.py changed, reloading.
C:\Users\Hilda\OneDrive\Documents\Projects\alx-backend-python\Django-Middleware-0x03\messaging_app\settings.py changed, reloading.
